<?xml version="1.0" encoding="UTF-8" standalone="yes" ?>
<test-results name="C:\dev\Learning\TestingProject\tests\Win32\Debug\CalculateTestProject.exe" total="2" errors="0" failures="0" ignored="0" inconclusive="0" not-run="0" skipped="0" invalid="0" date="2019-09-26" time="0.031">
  <culture-info current-culture="en" current-uiculture="en" />
  <test-suite type="Assembly" name="CalculateTestProject.exe" executed="true" result="Success" success="True" time="0.031" asserts="0">
    <results>
        <test-suite type="Namespace" name="calculate" executed="true" result="Success" success="True" time="0.030" asserts="0" >
          <results>
              <test-suite type="Fixture" name="TCalculateTest" executed="True" result="Success" success="True" time="0.030" >
                <results>
                  <test-case name="Test.TestA" executed="True" result="Success" success="True" time="0.021" asserts="0" />
                  <test-case name="Test.TestB" executed="True" result="Success" success="True" time="0.009" asserts="0" />
                </results>
              </test-suite>
          </results>
        </test-suite>
    </results>
  </test-suite>
</test-results>
